2018-04-29 00:55:56.220 [http-nio-8080-exec-7] DEBUG org.hibernate.SQL - select * from user where cn_user_email=? and cn_user_actived=1
2018-04-29 00:55:56.300 [http-nio-8080-exec-7] INFO  cn.white.bysj.user.UserService - 登陆成功
2018-04-29 00:55:56.305 [http-nio-8080-exec-7] DEBUG org.hibernate.SQL - select roles0_.user_id as user_id1_11_0_, roles0_.role_id as role_id2_11_0_, role1_.id as id1_7_1_, role1_.create_time as create_t2_7_1_, role1_.description as descript3_7_1_, role1_.name as name4_7_1_, role1_.role_key as role_key5_7_1_, role1_.status as status6_7_1_, role1_.update_time as update_t7_7_1_ from tb_user_role roles0_ inner join tb_role role1_ on roles0_.role_id=role1_.id where roles0_.user_id=?
2018-04-29 00:55:56.309 [http-nio-8080-exec-7] DEBUG org.hibernate.SQL - select resources0_.role_id as role_id1_8_0_, resources0_.resource_id as resource2_8_0_, resource1_.id as id1_6_1_, resource1_.create_time as create_t2_6_1_, resource1_.description as descript3_6_1_, resource1_.icon as icon4_6_1_, resource1_.is_hide as is_hide5_6_1_, resource1_.level as level6_6_1_, resource1_.name as name7_6_1_, resource1_.parent_id as parent_13_6_1_, resource1_.sort as sort8_6_1_, resource1_.source_key as source_k9_6_1_, resource1_.source_url as source_10_6_1_, resource1_.type as type11_6_1_, resource1_.update_time as update_12_6_1_ from tb_role_resource resources0_ inner join tb_resource resource1_ on resources0_.resource_id=resource1_.id where resources0_.role_id=?
2018-04-29 00:55:57.369 [http-nio-8080-exec-3] DEBUG org.hibernate.SQL - select * from label where cn_user_id=? ORDER BY cn_label_update_time DESC 
2018-04-29 00:55:57.374 [http-nio-8080-exec-3] DEBUG org.hibernate.SQL - select count(*) from note where cn_note_label_id =? and cn_note_type_id !=4 
2018-04-29 00:55:57.377 [http-nio-8080-exec-3] DEBUG org.hibernate.SQL - select * from note where cn_note_label_id = ? and cn_note_type_id !=4 ORDER BY cn_note_update_time DESC
2018-04-29 00:55:57.380 [http-nio-8080-exec-3] DEBUG org.hibernate.SQL - select count(*) from note where cn_note_label_id =? and cn_note_type_id !=4 
2018-04-29 00:55:57.383 [http-nio-8080-exec-3] DEBUG org.hibernate.SQL - select * from note where cn_note_label_id = ? and cn_note_type_id !=4 ORDER BY cn_note_update_time DESC
2018-04-29 00:55:57.384 [http-nio-8080-exec-5] DEBUG org.hibernate.SQL - select * from note_book where cn_user_id = ? and cn_notebook_type_id !=4 ORDER BY cn_notebook_update_time DESC 
2018-04-29 00:55:57.385 [http-nio-8080-exec-2] DEBUG org.hibernate.SQL - select * from note_book where cn_user_id = ? and cn_notebook_type_id !=4 ORDER BY cn_notebook_update_time DESC 
2018-04-29 00:55:57.386 [http-nio-8080-exec-3] DEBUG org.hibernate.SQL - select count(*) from note where cn_note_label_id =? and cn_note_type_id !=4 
2018-04-29 00:55:57.387 [http-nio-8080-exec-1] DEBUG org.hibernate.SQL - select * from note where cn_user_id = ? and cn_note_type_id = ? ORDER BY cn_note_update_time DESC
2018-04-29 00:55:57.387 [http-nio-8080-exec-10] DEBUG org.hibernate.SQL - SELECT * FROM note_book where cn_user_id = ? AND  cn_notebook_type_id = ?
2018-04-29 00:55:57.388 [http-nio-8080-exec-3] DEBUG org.hibernate.SQL - select * from note where cn_note_label_id = ? and cn_note_type_id !=4 ORDER BY cn_note_update_time DESC
2018-04-29 00:55:57.389 [http-nio-8080-exec-3] DEBUG org.hibernate.SQL - select count(*) from note where cn_note_label_id =? and cn_note_type_id !=4 
2018-04-29 00:55:57.391 [http-nio-8080-exec-3] DEBUG org.hibernate.SQL - select * from note where cn_note_label_id = ? and cn_note_type_id !=4 ORDER BY cn_note_update_time DESC
2018-04-29 00:55:57.392 [http-nio-8080-exec-3] DEBUG org.hibernate.SQL - select count(*) from note where cn_note_label_id =? and cn_note_type_id !=4 
2018-04-29 00:55:57.393 [http-nio-8080-exec-3] DEBUG org.hibernate.SQL - select * from note where cn_note_label_id = ? and cn_note_type_id !=4 ORDER BY cn_note_update_time DESC
2018-04-29 00:55:57.402 [http-nio-8080-exec-3] DEBUG org.hibernate.SQL - select * from note_book where cn_user_id = ? and cn_notebook_type_id !=4 ORDER BY cn_notebook_update_time DESC 
2018-04-29 00:55:57.406 [http-nio-8080-exec-3] DEBUG org.hibernate.SQL - select * from note where cn_note_book_id = ? and cn_note_type_id != 4 ORDER BY cn_note_update_time DESC
2018-04-29 00:55:57.408 [http-nio-8080-exec-3] DEBUG org.hibernate.SQL - select count(*) from note where cn_note_book_id = ? and cn_note_type_id != 4
2018-04-29 00:55:57.410 [http-nio-8080-exec-3] DEBUG org.hibernate.SQL - select * from note where cn_note_book_id = ? and cn_note_type_id != 4 ORDER BY cn_note_update_time DESC
2018-04-29 00:55:57.410 [http-nio-8080-exec-5] DEBUG org.hibernate.SQL - select * from note where cn_note_book_id = ? and cn_note_type_id != 4 ORDER BY cn_note_update_time DESC
2018-04-29 00:55:57.411 [http-nio-8080-exec-3] DEBUG org.hibernate.SQL - select count(*) from note where cn_note_book_id = ? and cn_note_type_id != 4
2018-04-29 00:55:57.415 [http-nio-8080-exec-3] DEBUG org.hibernate.SQL - select * from note where cn_note_book_id = ? and cn_note_type_id != 4 ORDER BY cn_note_update_time DESC
2018-04-29 00:55:57.416 [http-nio-8080-exec-3] DEBUG org.hibernate.SQL - select count(*) from note where cn_note_book_id = ? and cn_note_type_id != 4
2018-04-29 00:55:57.417 [http-nio-8080-exec-3] DEBUG org.hibernate.SQL - select * from note where cn_note_book_id = ? and cn_note_type_id != 4 ORDER BY cn_note_update_time DESC
2018-04-29 00:55:57.419 [http-nio-8080-exec-3] DEBUG org.hibernate.SQL - select count(*) from note where cn_note_book_id = ? and cn_note_type_id != 4
2018-04-29 00:55:57.421 [http-nio-8080-exec-3] DEBUG org.hibernate.SQL - select * from note where cn_note_book_id = ? and cn_note_type_id != 4 ORDER BY cn_note_update_time DESC
2018-04-29 00:55:57.424 [http-nio-8080-exec-5] DEBUG org.hibernate.SQL - select count(*) from note where cn_note_book_id = ? and cn_note_type_id != 4
2018-04-29 00:55:57.509 [http-nio-8080-exec-3] DEBUG org.hibernate.SQL - select count(*) from note where cn_note_book_id = ? and cn_note_type_id != 4
2018-04-29 00:55:57.574 [http-nio-8080-exec-3] DEBUG org.hibernate.SQL - select * from note where cn_note_book_id = ? and cn_note_type_id != 4 ORDER BY cn_note_update_time DESC
2018-04-29 00:55:57.576 [http-nio-8080-exec-5] DEBUG org.hibernate.SQL - select * from note where cn_note_book_id = ? and cn_note_type_id != 4 ORDER BY cn_note_update_time DESC
2018-04-29 00:55:57.581 [http-nio-8080-exec-4] DEBUG org.hibernate.SQL - select * from note where cn_user_id =? and cn_note_type_id != 4 ORDER BY cn_note_update_time DESC 
2018-04-29 00:55:57.603 [http-nio-8080-exec-2] DEBUG org.hibernate.SQL - select * from note where cn_note_book_id = ? and cn_note_type_id != 4 ORDER BY cn_note_update_time DESC
2018-04-29 00:55:57.609 [http-nio-8080-exec-3] DEBUG org.hibernate.SQL - select count(*) from note where cn_note_book_id = ? and cn_note_type_id != 4
2018-04-29 00:55:57.609 [http-nio-8080-exec-2] DEBUG org.hibernate.SQL - select count(*) from note where cn_note_book_id = ? and cn_note_type_id != 4
2018-04-29 00:55:57.611 [http-nio-8080-exec-2] DEBUG org.hibernate.SQL - select * from note where cn_note_book_id = ? and cn_note_type_id != 4 ORDER BY cn_note_update_time DESC
2018-04-29 00:55:57.616 [http-nio-8080-exec-2] DEBUG org.hibernate.SQL - select count(*) from note where cn_note_book_id = ? and cn_note_type_id != 4
2018-04-29 00:55:57.617 [http-nio-8080-exec-2] DEBUG org.hibernate.SQL - select * from note where cn_note_book_id = ? and cn_note_type_id != 4 ORDER BY cn_note_update_time DESC
2018-04-29 00:55:57.620 [http-nio-8080-exec-4] DEBUG org.hibernate.SQL - SELECT * FROM note_book where cn_user_id = ? AND  cn_notebook_type_id = ?
2018-04-29 00:55:57.620 [http-nio-8080-exec-2] DEBUG org.hibernate.SQL - select count(*) from note where cn_note_book_id = ? and cn_note_type_id != 4
2018-04-29 00:55:57.622 [http-nio-8080-exec-5] DEBUG org.hibernate.SQL - select count(*) from note where cn_note_book_id = ? and cn_note_type_id != 4
2018-04-29 00:55:57.622 [http-nio-8080-exec-2] DEBUG org.hibernate.SQL - select * from note where cn_note_book_id = ? and cn_note_type_id != 4 ORDER BY cn_note_update_time DESC
2018-04-29 00:55:57.626 [http-nio-8080-exec-2] DEBUG org.hibernate.SQL - select count(*) from note where cn_note_book_id = ? and cn_note_type_id != 4
2018-04-29 00:55:57.628 [http-nio-8080-exec-2] DEBUG org.hibernate.SQL - select * from note where cn_note_book_id = ? and cn_note_type_id != 4 ORDER BY cn_note_update_time DESC
2018-04-29 00:55:57.630 [http-nio-8080-exec-2] DEBUG org.hibernate.SQL - select count(*) from note where cn_note_book_id = ? and cn_note_type_id != 4
2018-04-29 00:55:57.630 [http-nio-8080-exec-8] DEBUG org.hibernate.SQL - select * from note where cn_user_id = ? and cn_note_type_id = ? ORDER BY cn_note_update_time DESC
2018-04-29 00:55:57.632 [http-nio-8080-exec-2] DEBUG org.hibernate.SQL - select * from note where cn_note_book_id = ? and cn_note_type_id != 4 ORDER BY cn_note_update_time DESC
2018-04-29 00:55:57.633 [http-nio-8080-exec-2] DEBUG org.hibernate.SQL - select count(*) from note where cn_note_book_id = ? and cn_note_type_id != 4
2018-04-29 00:55:57.628 [http-nio-8080-exec-6] DEBUG org.hibernate.SQL - select * from label where cn_user_id=? ORDER BY cn_label_update_time DESC 
2018-04-29 00:55:57.640 [http-nio-8080-exec-6] DEBUG org.hibernate.SQL - select count(*) from note where cn_note_label_id =? and cn_note_type_id !=4 
2018-04-29 00:55:57.642 [http-nio-8080-exec-6] DEBUG org.hibernate.SQL - select * from note where cn_note_label_id = ? and cn_note_type_id !=4 ORDER BY cn_note_update_time DESC
2018-04-29 00:55:57.644 [http-nio-8080-exec-6] DEBUG org.hibernate.SQL - select count(*) from note where cn_note_label_id =? and cn_note_type_id !=4 
2018-04-29 00:55:57.645 [http-nio-8080-exec-6] DEBUG org.hibernate.SQL - select * from note where cn_note_label_id = ? and cn_note_type_id !=4 ORDER BY cn_note_update_time DESC
2018-04-29 00:55:57.645 [http-nio-8080-exec-5] DEBUG org.hibernate.SQL - select * from note where cn_note_book_id = ? and cn_note_type_id != 4 ORDER BY cn_note_update_time DESC
2018-04-29 00:55:57.646 [http-nio-8080-exec-5] DEBUG org.hibernate.SQL - select count(*) from note where cn_note_book_id = ? and cn_note_type_id != 4
2018-04-29 00:55:57.648 [http-nio-8080-exec-5] DEBUG org.hibernate.SQL - select * from note where cn_note_book_id = ? and cn_note_type_id != 4 ORDER BY cn_note_update_time DESC
2018-04-29 00:55:57.650 [http-nio-8080-exec-6] DEBUG org.hibernate.SQL - select count(*) from note where cn_note_label_id =? and cn_note_type_id !=4 
2018-04-29 00:55:57.656 [http-nio-8080-exec-5] DEBUG org.hibernate.SQL - select count(*) from note where cn_note_book_id = ? and cn_note_type_id != 4
2018-04-29 00:55:57.658 [http-nio-8080-exec-5] DEBUG org.hibernate.SQL - select * from note where cn_note_book_id = ? and cn_note_type_id != 4 ORDER BY cn_note_update_time DESC
2018-04-29 00:55:57.658 [http-nio-8080-exec-6] DEBUG org.hibernate.SQL - select * from note where cn_note_label_id = ? and cn_note_type_id !=4 ORDER BY cn_note_update_time DESC
2018-04-29 00:55:57.659 [http-nio-8080-exec-5] DEBUG org.hibernate.SQL - select count(*) from note where cn_note_book_id = ? and cn_note_type_id != 4
2018-04-29 00:55:57.659 [http-nio-8080-exec-6] DEBUG org.hibernate.SQL - select count(*) from note where cn_note_label_id =? and cn_note_type_id !=4 
2018-04-29 00:55:57.660 [http-nio-8080-exec-6] DEBUG org.hibernate.SQL - select * from note where cn_note_label_id = ? and cn_note_type_id !=4 ORDER BY cn_note_update_time DESC
2018-04-29 00:55:57.660 [http-nio-8080-exec-5] DEBUG org.hibernate.SQL - select * from note where cn_note_book_id = ? and cn_note_type_id != 4 ORDER BY cn_note_update_time DESC
2018-04-29 00:55:57.661 [http-nio-8080-exec-5] DEBUG org.hibernate.SQL - select count(*) from note where cn_note_book_id = ? and cn_note_type_id != 4
2018-04-29 00:55:57.667 [http-nio-8080-exec-6] DEBUG org.hibernate.SQL - select count(*) from note where cn_note_label_id =? and cn_note_type_id !=4 
2018-04-29 00:55:57.674 [http-nio-8080-exec-6] DEBUG org.hibernate.SQL - select * from note where cn_note_label_id = ? and cn_note_type_id !=4 ORDER BY cn_note_update_time DESC
2018-04-29 01:02:12.567 [http-nio-8080-exec-4] DEBUG org.hibernate.SQL - SELECT * from tb_home where cn_home_type =0 ORDER BY cn_home_update_time DESC 
2018-04-29 01:02:14.815 [http-nio-8080-exec-8] DEBUG org.hibernate.SQL - select * from user where cn_user_email=? and cn_user_actived=1
2018-04-29 01:02:14.816 [http-nio-8080-exec-8] INFO  cn.white.bysj.user.UserService - 登陆成功
2018-04-29 01:02:14.817 [http-nio-8080-exec-8] DEBUG org.hibernate.SQL - select roles0_.user_id as user_id1_11_0_, roles0_.role_id as role_id2_11_0_, role1_.id as id1_7_1_, role1_.create_time as create_t2_7_1_, role1_.description as descript3_7_1_, role1_.name as name4_7_1_, role1_.role_key as role_key5_7_1_, role1_.status as status6_7_1_, role1_.update_time as update_t7_7_1_ from tb_user_role roles0_ inner join tb_role role1_ on roles0_.role_id=role1_.id where roles0_.user_id=?
2018-04-29 01:02:14.818 [http-nio-8080-exec-8] DEBUG org.hibernate.SQL - select resources0_.role_id as role_id1_8_0_, resources0_.resource_id as resource2_8_0_, resource1_.id as id1_6_1_, resource1_.create_time as create_t2_6_1_, resource1_.description as descript3_6_1_, resource1_.icon as icon4_6_1_, resource1_.is_hide as is_hide5_6_1_, resource1_.level as level6_6_1_, resource1_.name as name7_6_1_, resource1_.parent_id as parent_13_6_1_, resource1_.sort as sort8_6_1_, resource1_.source_key as source_k9_6_1_, resource1_.source_url as source_10_6_1_, resource1_.type as type11_6_1_, resource1_.update_time as update_12_6_1_ from tb_role_resource resources0_ inner join tb_resource resource1_ on resources0_.resource_id=resource1_.id where resources0_.role_id=?
2018-04-29 01:02:16.237 [http-nio-8080-exec-2] DEBUG org.hibernate.SQL - select * from label where cn_user_id=? ORDER BY cn_label_update_time DESC 
2018-04-29 01:02:16.240 [http-nio-8080-exec-2] DEBUG org.hibernate.SQL - select count(*) from note where cn_note_label_id =? and cn_note_type_id !=4 
2018-04-29 01:02:16.245 [http-nio-8080-exec-5] DEBUG org.hibernate.SQL - select * from note_book where cn_user_id = ? and cn_notebook_type_id !=4 ORDER BY cn_notebook_update_time DESC 
2018-04-29 01:02:16.251 [http-nio-8080-exec-5] DEBUG org.hibernate.SQL - select * from note where cn_note_book_id = ? and cn_note_type_id != 4 ORDER BY cn_note_update_time DESC
2018-04-29 01:02:16.252 [http-nio-8080-exec-6] DEBUG org.hibernate.SQL - select * from note_book where cn_user_id = ? and cn_notebook_type_id !=4 ORDER BY cn_notebook_update_time DESC 
2018-04-29 01:02:16.254 [http-nio-8080-exec-5] DEBUG org.hibernate.SQL - select count(*) from note where cn_note_book_id = ? and cn_note_type_id != 4
2018-04-29 01:02:16.254 [http-nio-8080-exec-6] DEBUG org.hibernate.SQL - select * from note where cn_note_book_id = ? and cn_note_type_id != 4 ORDER BY cn_note_update_time DESC
2018-04-29 01:02:16.255 [http-nio-8080-exec-5] DEBUG org.hibernate.SQL - select * from note where cn_note_book_id = ? and cn_note_type_id != 4 ORDER BY cn_note_update_time DESC
2018-04-29 01:02:16.256 [http-nio-8080-exec-6] DEBUG org.hibernate.SQL - select count(*) from note where cn_note_book_id = ? and cn_note_type_id != 4
2018-04-29 01:02:16.256 [http-nio-8080-exec-5] DEBUG org.hibernate.SQL - select count(*) from note where cn_note_book_id = ? and cn_note_type_id != 4
2018-04-29 01:02:16.257 [http-nio-8080-exec-6] DEBUG org.hibernate.SQL - select * from note where cn_note_book_id = ? and cn_note_type_id != 4 ORDER BY cn_note_update_time DESC
2018-04-29 01:02:16.258 [http-nio-8080-exec-5] DEBUG org.hibernate.SQL - select * from note where cn_note_book_id = ? and cn_note_type_id != 4 ORDER BY cn_note_update_time DESC
2018-04-29 01:02:16.259 [http-nio-8080-exec-6] DEBUG org.hibernate.SQL - select count(*) from note where cn_note_book_id = ? and cn_note_type_id != 4
2018-04-29 01:02:16.260 [http-nio-8080-exec-6] DEBUG org.hibernate.SQL - select * from note where cn_note_book_id = ? and cn_note_type_id != 4 ORDER BY cn_note_update_time DESC
2018-04-29 01:02:16.261 [http-nio-8080-exec-5] DEBUG org.hibernate.SQL - select count(*) from note where cn_note_book_id = ? and cn_note_type_id != 4
2018-04-29 01:02:16.261 [http-nio-8080-exec-6] DEBUG org.hibernate.SQL - select count(*) from note where cn_note_book_id = ? and cn_note_type_id != 4
2018-04-29 01:02:16.270 [http-nio-8080-exec-2] DEBUG org.hibernate.SQL - select * from note where cn_note_label_id = ? and cn_note_type_id !=4 ORDER BY cn_note_update_time DESC
2018-04-29 01:02:16.313 [http-nio-8080-exec-10] DEBUG org.hibernate.SQL - select * from note where cn_user_id =? and cn_note_type_id != 4 ORDER BY cn_note_update_time DESC 
2018-04-29 01:02:16.314 [http-nio-8080-exec-7] DEBUG org.hibernate.SQL - select * from note where cn_user_id = ? and cn_note_type_id = ? ORDER BY cn_note_update_time DESC
2018-04-29 01:02:16.314 [http-nio-8080-exec-1] DEBUG org.hibernate.SQL - SELECT * FROM note_book where cn_user_id = ? AND  cn_notebook_type_id = ?
2018-04-29 01:02:16.315 [http-nio-8080-exec-6] DEBUG org.hibernate.SQL - select * from note where cn_note_book_id = ? and cn_note_type_id != 4 ORDER BY cn_note_update_time DESC
2018-04-29 01:02:16.315 [http-nio-8080-exec-2] DEBUG org.hibernate.SQL - select count(*) from note where cn_note_label_id =? and cn_note_type_id !=4 
2018-04-29 01:02:16.317 [http-nio-8080-exec-5] DEBUG org.hibernate.SQL - select * from note where cn_note_book_id = ? and cn_note_type_id != 4 ORDER BY cn_note_update_time DESC
2018-04-29 01:02:16.320 [http-nio-8080-exec-2] DEBUG org.hibernate.SQL - select * from note where cn_note_label_id = ? and cn_note_type_id !=4 ORDER BY cn_note_update_time DESC
2018-04-29 01:02:16.324 [http-nio-8080-exec-3] DEBUG org.hibernate.SQL - select * from note_book where cn_user_id = ? and cn_notebook_type_id !=4 ORDER BY cn_notebook_update_time DESC 
2018-04-29 01:02:16.328 [http-nio-8080-exec-5] DEBUG org.hibernate.SQL - select count(*) from note where cn_note_book_id = ? and cn_note_type_id != 4
2018-04-29 01:02:16.328 [http-nio-8080-exec-6] DEBUG org.hibernate.SQL - select count(*) from note where cn_note_book_id = ? and cn_note_type_id != 4
2018-04-29 01:02:16.330 [http-nio-8080-exec-4] DEBUG org.hibernate.SQL - select * from note where cn_user_id = ? and cn_note_type_id = ? ORDER BY cn_note_update_time DESC
2018-04-29 01:02:16.331 [http-nio-8080-exec-9] DEBUG org.hibernate.SQL - select * from label where cn_user_id=? ORDER BY cn_label_update_time DESC 
2018-04-29 01:02:16.333 [http-nio-8080-exec-5] DEBUG org.hibernate.SQL - select * from note where cn_note_book_id = ? and cn_note_type_id != 4 ORDER BY cn_note_update_time DESC
2018-04-29 01:02:16.334 [http-nio-8080-exec-9] DEBUG org.hibernate.SQL - select count(*) from note where cn_note_label_id =? and cn_note_type_id !=4 
2018-04-29 01:02:16.340 [http-nio-8080-exec-2] DEBUG org.hibernate.SQL - select count(*) from note where cn_note_label_id =? and cn_note_type_id !=4 
2018-04-29 01:02:16.340 [http-nio-8080-exec-3] DEBUG org.hibernate.SQL - select * from note where cn_note_book_id = ? and cn_note_type_id != 4 ORDER BY cn_note_update_time DESC
2018-04-29 01:02:16.348 [http-nio-8080-exec-6] DEBUG org.hibernate.SQL - select * from note where cn_note_book_id = ? and cn_note_type_id != 4 ORDER BY cn_note_update_time DESC
2018-04-29 01:02:16.350 [http-nio-8080-exec-8] DEBUG org.hibernate.SQL - SELECT * FROM note_book where cn_user_id = ? AND  cn_notebook_type_id = ?
2018-04-29 01:02:16.351 [http-nio-8080-exec-5] DEBUG org.hibernate.SQL - select count(*) from note where cn_note_book_id = ? and cn_note_type_id != 4
2018-04-29 01:02:16.352 [http-nio-8080-exec-6] DEBUG org.hibernate.SQL - select count(*) from note where cn_note_book_id = ? and cn_note_type_id != 4
2018-04-29 01:02:16.352 [http-nio-8080-exec-9] DEBUG org.hibernate.SQL - select * from note where cn_note_label_id = ? and cn_note_type_id !=4 ORDER BY cn_note_update_time DESC
2018-04-29 01:02:16.352 [http-nio-8080-exec-5] DEBUG org.hibernate.SQL - select * from note where cn_note_book_id = ? and cn_note_type_id != 4 ORDER BY cn_note_update_time DESC
2018-04-29 01:02:16.354 [http-nio-8080-exec-6] DEBUG org.hibernate.SQL - select * from note where cn_note_book_id = ? and cn_note_type_id != 4 ORDER BY cn_note_update_time DESC
2018-04-29 01:02:16.355 [http-nio-8080-exec-2] DEBUG org.hibernate.SQL - select * from note where cn_note_label_id = ? and cn_note_type_id !=4 ORDER BY cn_note_update_time DESC
2018-04-29 01:02:16.356 [http-nio-8080-exec-6] DEBUG org.hibernate.SQL - select count(*) from note where cn_note_book_id = ? and cn_note_type_id != 4
2018-04-29 01:02:16.357 [http-nio-8080-exec-5] DEBUG org.hibernate.SQL - select count(*) from note where cn_note_book_id = ? and cn_note_type_id != 4
2018-04-29 01:02:16.357 [http-nio-8080-exec-9] DEBUG org.hibernate.SQL - select count(*) from note where cn_note_label_id =? and cn_note_type_id !=4 
2018-04-29 01:02:16.363 [http-nio-8080-exec-2] DEBUG org.hibernate.SQL - select count(*) from note where cn_note_label_id =? and cn_note_type_id !=4 
2018-04-29 01:02:16.363 [http-nio-8080-exec-9] DEBUG org.hibernate.SQL - select * from note where cn_note_label_id = ? and cn_note_type_id !=4 ORDER BY cn_note_update_time DESC
2018-04-29 01:02:16.364 [http-nio-8080-exec-2] DEBUG org.hibernate.SQL - select * from note where cn_note_label_id = ? and cn_note_type_id !=4 ORDER BY cn_note_update_time DESC
2018-04-29 01:02:16.364 [http-nio-8080-exec-3] DEBUG org.hibernate.SQL - select count(*) from note where cn_note_book_id = ? and cn_note_type_id != 4
2018-04-29 01:02:16.367 [http-nio-8080-exec-2] DEBUG org.hibernate.SQL - select count(*) from note where cn_note_label_id =? and cn_note_type_id !=4 
2018-04-29 01:02:16.368 [http-nio-8080-exec-9] DEBUG org.hibernate.SQL - select count(*) from note where cn_note_label_id =? and cn_note_type_id !=4 
2018-04-29 01:02:16.370 [http-nio-8080-exec-3] DEBUG org.hibernate.SQL - select * from note where cn_note_book_id = ? and cn_note_type_id != 4 ORDER BY cn_note_update_time DESC
2018-04-29 01:02:16.371 [http-nio-8080-exec-2] DEBUG org.hibernate.SQL - select * from note where cn_note_label_id = ? and cn_note_type_id !=4 ORDER BY cn_note_update_time DESC
2018-04-29 01:02:16.377 [http-nio-8080-exec-9] DEBUG org.hibernate.SQL - select * from note where cn_note_label_id = ? and cn_note_type_id !=4 ORDER BY cn_note_update_time DESC
2018-04-29 01:02:16.379 [http-nio-8080-exec-3] DEBUG org.hibernate.SQL - select count(*) from note where cn_note_book_id = ? and cn_note_type_id != 4
2018-04-29 01:02:16.381 [http-nio-8080-exec-9] DEBUG org.hibernate.SQL - select count(*) from note where cn_note_label_id =? and cn_note_type_id !=4 
2018-04-29 01:02:16.383 [http-nio-8080-exec-9] DEBUG org.hibernate.SQL - select * from note where cn_note_label_id = ? and cn_note_type_id !=4 ORDER BY cn_note_update_time DESC
2018-04-29 01:02:16.383 [http-nio-8080-exec-3] DEBUG org.hibernate.SQL - select * from note where cn_note_book_id = ? and cn_note_type_id != 4 ORDER BY cn_note_update_time DESC
2018-04-29 01:02:16.384 [http-nio-8080-exec-9] DEBUG org.hibernate.SQL - select count(*) from note where cn_note_label_id =? and cn_note_type_id !=4 
2018-04-29 01:02:16.384 [http-nio-8080-exec-3] DEBUG org.hibernate.SQL - select count(*) from note where cn_note_book_id = ? and cn_note_type_id != 4
2018-04-29 01:02:16.385 [http-nio-8080-exec-9] DEBUG org.hibernate.SQL - select * from note where cn_note_label_id = ? and cn_note_type_id !=4 ORDER BY cn_note_update_time DESC
2018-04-29 01:02:16.385 [http-nio-8080-exec-3] DEBUG org.hibernate.SQL - select * from note where cn_note_book_id = ? and cn_note_type_id != 4 ORDER BY cn_note_update_time DESC
2018-04-29 01:02:16.387 [http-nio-8080-exec-3] DEBUG org.hibernate.SQL - select count(*) from note where cn_note_book_id = ? and cn_note_type_id != 4
2018-04-29 01:02:16.390 [http-nio-8080-exec-3] DEBUG org.hibernate.SQL - select * from note where cn_note_book_id = ? and cn_note_type_id != 4 ORDER BY cn_note_update_time DESC
2018-04-29 01:02:16.392 [http-nio-8080-exec-3] DEBUG org.hibernate.SQL - select count(*) from note where cn_note_book_id = ? and cn_note_type_id != 4
2018-04-29 01:02:16.395 [http-nio-8080-exec-3] DEBUG org.hibernate.SQL - select * from note where cn_note_book_id = ? and cn_note_type_id != 4 ORDER BY cn_note_update_time DESC
2018-04-29 01:02:16.397 [http-nio-8080-exec-3] DEBUG org.hibernate.SQL - select count(*) from note where cn_note_book_id = ? and cn_note_type_id != 4
2018-04-29 01:40:20.700 [http-nio-8080-exec-2] DEBUG org.hibernate.SQL - select cn_user_password from user where cn_user_email=?
2018-04-29 01:40:25.808 [http-nio-8080-exec-1] DEBUG org.hibernate.SQL - select cn_user_password from user where cn_user_email=?
2018-04-29 01:40:29.232 [http-nio-8080-exec-10] DEBUG org.hibernate.SQL - select cn_user_password from user where cn_user_email=?
2018-04-29 01:40:42.849 [http-nio-8080-exec-6] DEBUG org.hibernate.SQL - select cn_user_password from user where cn_user_email=?
2018-04-29 01:40:47.872 [http-nio-8080-exec-8] DEBUG org.hibernate.SQL - select cn_user_password from user where cn_user_email=?
2018-04-29 01:41:00.685 [http-nio-8080-exec-4] DEBUG org.hibernate.SQL - select cn_user_password from user where cn_user_email=?
2018-04-29 01:41:26.095 [http-nio-8080-exec-9] DEBUG org.hibernate.SQL - select cn_user_password from user where cn_user_email=?
2018-04-29 01:41:28.904 [http-nio-8080-exec-5] DEBUG org.hibernate.SQL - select cn_user_password from user where cn_user_email=?
2018-04-29 01:41:30.735 [http-nio-8080-exec-3] DEBUG org.hibernate.SQL - select cn_user_password from user where cn_user_email=?
2018-04-29 01:41:33.409 [http-nio-8080-exec-7] DEBUG org.hibernate.SQL - select cn_user_password from user where cn_user_email=?
2018-04-29 01:41:46.649 [http-nio-8080-exec-2] DEBUG org.hibernate.SQL - select cn_user_password from user where cn_user_email=?
2018-04-29 01:42:56.958 [http-nio-8080-exec-10] DEBUG org.hibernate.SQL - select cn_user_password from user where cn_user_email=?
2018-04-29 01:43:00.638 [http-nio-8080-exec-6] DEBUG org.hibernate.SQL - select cn_user_password from user where cn_user_email=?
2018-04-29 01:43:04.272 [http-nio-8080-exec-8] DEBUG org.hibernate.SQL - select cn_user_password from user where cn_user_email=?
2018-04-29 01:43:09.617 [http-nio-8080-exec-4] DEBUG org.hibernate.SQL - select cn_user_password from user where cn_user_email=?
2018-04-29 01:43:15.176 [http-nio-8080-exec-9] DEBUG org.hibernate.SQL - select cn_user_password from user where cn_user_email=?
2018-04-29 01:43:24.312 [http-nio-8080-exec-5] DEBUG org.hibernate.SQL - select cn_user_password from user where cn_user_email=?
2018-04-29 01:47:43.832 [http-nio-8080-exec-7] DEBUG org.hibernate.SQL - select cn_user_password from user where cn_user_email=?
2018-04-29 01:50:48.040 [http-nio-8080-exec-1] DEBUG org.hibernate.SQL - select cn_user_password from user where cn_user_email=?
2018-04-29 01:50:50.406 [http-nio-8080-exec-10] DEBUG org.hibernate.SQL - select cn_user_password from user where cn_user_email=?
2018-04-29 01:51:17.079 [http-nio-8080-exec-6] DEBUG org.hibernate.SQL - select cn_user_password from user where cn_user_email=?
2018-04-29 01:51:59.832 [http-nio-8080-exec-8] DEBUG org.hibernate.SQL - select cn_user_password from user where cn_user_email=?
2018-04-29 01:52:56.689 [http-nio-8080-exec-4] DEBUG org.hibernate.SQL - select cn_user_password from user where cn_user_email=?
2018-04-29 01:52:58.918 [http-nio-8080-exec-9] DEBUG org.hibernate.SQL - select cn_user_password from user where cn_user_email=?
2018-04-29 01:53:06.630 [http-nio-8080-exec-5] DEBUG org.hibernate.SQL - select cn_user_password from user where cn_user_email=?
2018-04-29 01:54:01.950 [http-nio-8080-exec-3] DEBUG org.hibernate.SQL - select cn_user_password from user where cn_user_email=?
2018-04-29 01:54:30.321 [http-nio-8080-exec-7] DEBUG org.hibernate.SQL - select cn_user_password from user where cn_user_email=?
2018-04-29 01:54:37.701 [http-nio-8080-exec-2] DEBUG org.hibernate.SQL - select cn_user_password from user where cn_user_email=?
2018-04-29 01:54:40.456 [http-nio-8080-exec-1] DEBUG org.hibernate.SQL - select cn_user_password from user where cn_user_email=?
2018-04-29 01:54:45.443 [http-nio-8080-exec-10] DEBUG org.hibernate.SQL - select cn_user_password from user where cn_user_email=?
2018-04-29 01:55:08.259 [http-nio-8080-exec-6] DEBUG org.hibernate.SQL - select cn_user_password from user where cn_user_email=?
2018-04-29 01:55:20.360 [http-nio-8080-exec-8] DEBUG org.hibernate.SQL - select cn_user_password from user where cn_user_email=?
2018-04-29 01:56:18.420 [http-nio-8080-exec-4] DEBUG org.hibernate.SQL - select cn_user_password from user where cn_user_email=?
2018-04-29 01:56:21.497 [http-nio-8080-exec-9] DEBUG org.hibernate.SQL - select cn_user_password from user where cn_user_email=?
2018-04-29 01:56:24.304 [http-nio-8080-exec-5] DEBUG org.hibernate.SQL - select cn_user_password from user where cn_user_email=?
2018-04-29 01:57:01.520 [http-nio-8080-exec-3] DEBUG org.hibernate.SQL - select cn_user_password from user where cn_user_email=?
2018-04-29 01:57:11.879 [http-nio-8080-exec-7] DEBUG org.hibernate.SQL - select cn_user_password from user where cn_user_email=?
2018-04-29 01:58:00.174 [http-nio-8080-exec-2] DEBUG org.hibernate.SQL - select cn_user_password from user where cn_user_email=?
2018-04-29 01:58:15.996 [http-nio-8080-exec-1] DEBUG org.hibernate.SQL - select cn_user_password from user where cn_user_email=?
2018-04-29 01:58:20.807 [http-nio-8080-exec-10] DEBUG org.hibernate.SQL - select cn_user_password from user where cn_user_email=?
2018-04-29 01:58:30.283 [http-nio-8080-exec-6] DEBUG org.hibernate.SQL - select cn_user_password from user where cn_user_email=?
2018-04-29 01:58:36.366 [http-nio-8080-exec-8] DEBUG org.hibernate.SQL - select cn_user_password from user where cn_user_email=?
2018-04-29 02:01:01.260 [http-nio-8080-exec-9] DEBUG org.hibernate.SQL - select cn_user_password from user where cn_user_email=?
2018-04-29 02:01:03.816 [http-nio-8080-exec-5] DEBUG org.hibernate.SQL - select cn_user_password from user where cn_user_email=?
2018-04-29 02:01:03.820 [http-nio-8080-exec-3] DEBUG org.hibernate.SQL - select cn_user_password from user where cn_user_email=?
2018-04-29 02:02:55.295 [http-nio-8080-exec-1] DEBUG org.hibernate.SQL - select cn_user_password from user where cn_user_email=?
2018-04-29 02:02:57.711 [http-nio-8080-exec-10] DEBUG org.hibernate.SQL - select cn_user_password from user where cn_user_email=?
2018-04-29 02:02:57.714 [http-nio-8080-exec-6] DEBUG org.hibernate.SQL - select cn_user_password from user where cn_user_email=?
2018-04-29 02:03:55.662 [http-nio-8080-exec-4] DEBUG org.hibernate.SQL - select cn_user_password from user where cn_user_email=?
2018-04-29 02:03:55.667 [http-nio-8080-exec-8] DEBUG org.hibernate.SQL - select cn_user_password from user where cn_user_email=?
2018-04-29 02:03:58.417 [http-nio-8080-exec-9] DEBUG org.hibernate.SQL - select cn_user_password from user where cn_user_email=?
2018-04-29 02:03:58.417 [http-nio-8080-exec-5] DEBUG org.hibernate.SQL - select cn_user_password from user where cn_user_email=?
2018-04-29 02:04:29.231 [http-nio-8080-exec-3] DEBUG org.hibernate.SQL - select cn_user_password from user where cn_user_email=?
2018-04-29 02:04:31.252 [http-nio-8080-exec-7] DEBUG org.hibernate.SQL - select cn_user_password from user where cn_user_email=?
2018-04-29 02:04:31.252 [http-nio-8080-exec-2] DEBUG org.hibernate.SQL - select cn_user_password from user where cn_user_email=?
2018-04-29 02:05:15.108 [http-nio-8080-exec-6] DEBUG org.hibernate.SQL - select cn_user_password from user where cn_user_email=?
2018-04-29 02:05:18.834 [http-nio-8080-exec-4] DEBUG org.hibernate.SQL - select cn_user_password from user where cn_user_email=?
2018-04-29 02:05:23.712 [http-nio-8080-exec-8] DEBUG org.hibernate.SQL - select cn_user_password from user where cn_user_email=?
2018-04-29 02:05:26.938 [http-nio-8080-exec-5] DEBUG org.hibernate.SQL - select cn_user_password from user where cn_user_email=?
2018-04-29 02:07:35.321 [http-nio-8080-exec-7] DEBUG org.hibernate.SQL - select cn_user_password from user where cn_user_email=?
2018-04-29 02:07:37.246 [http-nio-8080-exec-2] DEBUG org.hibernate.SQL - select cn_user_password from user where cn_user_email=?
2018-04-29 02:07:37.250 [http-nio-8080-exec-1] DEBUG org.hibernate.SQL - select cn_user_password from user where cn_user_email=?
2018-04-29 02:08:52.157 [http-nio-8080-exec-5] DEBUG org.hibernate.SQL - select cn_user_password from user where cn_user_email=?
2018-04-29 02:08:56.131 [http-nio-8080-exec-9] DEBUG org.hibernate.SQL - select cn_user_password from user where cn_user_email=?
2018-04-29 02:08:56.136 [http-nio-8080-exec-3] DEBUG org.hibernate.SQL - select cn_user_password from user where cn_user_email=?
2018-04-29 02:09:45.516 [http-nio-8080-exec-2] DEBUG org.hibernate.SQL - select cn_user_password from user where cn_user_email=?
2018-04-29 02:09:48.075 [http-nio-8080-exec-10] DEBUG org.hibernate.SQL - select cn_user_password from user where cn_user_email=?
2018-04-29 02:09:48.077 [http-nio-8080-exec-1] DEBUG org.hibernate.SQL - select cn_user_password from user where cn_user_email=?
2018-04-29 02:09:48.211 [http-nio-8080-exec-6] DEBUG org.hibernate.SQL - select cn_user_password from user where cn_user_email=?
2018-04-29 02:09:48.251 [http-nio-8080-exec-6] DEBUG org.hibernate.SQL - update user set cn_user_password =? where cn_user_email = ?
2018-04-29 02:09:50.394 [http-nio-8080-exec-4] DEBUG org.hibernate.SQL - select * from user where cn_user_email=? and cn_user_actived=1
2018-04-29 02:09:56.288 [http-nio-8080-exec-8] DEBUG org.hibernate.SQL - select * from user where cn_user_email=? and cn_user_actived=1
2018-04-29 02:10:01.752 [http-nio-8080-exec-5] DEBUG org.hibernate.SQL - select * from user where cn_user_email=? and cn_user_actived=1
2018-04-29 02:10:51.779 [http-nio-8080-exec-3] DEBUG org.hibernate.SQL - select * from user where cn_user_email=? and cn_user_actived=1
2018-04-29 02:10:51.779 [http-nio-8080-exec-3] INFO  cn.white.bysj.user.UserService - 登陆成功
2018-04-29 02:10:51.782 [http-nio-8080-exec-3] DEBUG org.hibernate.SQL - select roles0_.user_id as user_id1_11_0_, roles0_.role_id as role_id2_11_0_, role1_.id as id1_7_1_, role1_.create_time as create_t2_7_1_, role1_.description as descript3_7_1_, role1_.name as name4_7_1_, role1_.role_key as role_key5_7_1_, role1_.status as status6_7_1_, role1_.update_time as update_t7_7_1_ from tb_user_role roles0_ inner join tb_role role1_ on roles0_.role_id=role1_.id where roles0_.user_id=?
2018-04-29 02:10:51.785 [http-nio-8080-exec-3] DEBUG org.hibernate.SQL - select resources0_.role_id as role_id1_8_0_, resources0_.resource_id as resource2_8_0_, resource1_.id as id1_6_1_, resource1_.create_time as create_t2_6_1_, resource1_.description as descript3_6_1_, resource1_.icon as icon4_6_1_, resource1_.is_hide as is_hide5_6_1_, resource1_.level as level6_6_1_, resource1_.name as name7_6_1_, resource1_.parent_id as parent_13_6_1_, resource1_.sort as sort8_6_1_, resource1_.source_key as source_k9_6_1_, resource1_.source_url as source_10_6_1_, resource1_.type as type11_6_1_, resource1_.update_time as update_12_6_1_ from tb_role_resource resources0_ inner join tb_resource resource1_ on resources0_.resource_id=resource1_.id where resources0_.role_id=?
2018-04-29 02:10:53.279 [http-nio-8080-exec-2] DEBUG org.hibernate.SQL - select * from label where cn_user_id=? ORDER BY cn_label_update_time DESC 
2018-04-29 02:10:53.282 [http-nio-8080-exec-10] DEBUG org.hibernate.SQL - select * from note_book where cn_user_id = ? and cn_notebook_type_id !=4 ORDER BY cn_notebook_update_time DESC 
2018-04-29 02:10:53.283 [http-nio-8080-exec-1] DEBUG org.hibernate.SQL - select * from note_book where cn_user_id = ? and cn_notebook_type_id !=4 ORDER BY cn_notebook_update_time DESC 
2018-04-29 02:10:53.293 [http-nio-8080-exec-6] DEBUG org.hibernate.SQL - select * from note where cn_user_id = ? and cn_note_type_id = ? ORDER BY cn_note_update_time DESC
2018-04-29 02:10:53.296 [http-nio-8080-exec-4] DEBUG org.hibernate.SQL - SELECT * FROM note_book where cn_user_id = ? AND  cn_notebook_type_id = ?
2018-04-29 02:10:53.300 [http-nio-8080-exec-8] DEBUG org.hibernate.SQL - select * from note where cn_user_id =? and cn_note_type_id != 4 ORDER BY cn_note_update_time DESC 
2018-04-29 02:10:53.302 [http-nio-8080-exec-2] DEBUG org.hibernate.SQL - select count(*) from note where cn_note_label_id =? and cn_note_type_id !=4 
2018-04-29 02:10:53.305 [http-nio-8080-exec-2] DEBUG org.hibernate.SQL - select * from note where cn_note_label_id = ? and cn_note_type_id !=4 ORDER BY cn_note_update_time DESC
2018-04-29 02:10:53.307 [http-nio-8080-exec-2] DEBUG org.hibernate.SQL - select count(*) from note where cn_note_label_id =? and cn_note_type_id !=4 
2018-04-29 02:10:53.309 [http-nio-8080-exec-2] DEBUG org.hibernate.SQL - select * from note where cn_note_label_id = ? and cn_note_type_id !=4 ORDER BY cn_note_update_time DESC
2018-04-29 02:10:53.309 [http-nio-8080-exec-10] DEBUG org.hibernate.SQL - select * from note where cn_note_book_id = ? and cn_note_type_id != 4 ORDER BY cn_note_update_time DESC
2018-04-29 02:10:53.314 [http-nio-8080-exec-10] DEBUG org.hibernate.SQL - select count(*) from note where cn_note_book_id = ? and cn_note_type_id != 4
2018-04-29 02:10:53.315 [http-nio-8080-exec-2] DEBUG org.hibernate.SQL - select count(*) from note where cn_note_label_id =? and cn_note_type_id !=4 
2018-04-29 02:10:53.315 [http-nio-8080-exec-10] DEBUG org.hibernate.SQL - select * from note where cn_note_book_id = ? and cn_note_type_id != 4 ORDER BY cn_note_update_time DESC
2018-04-29 02:10:53.315 [http-nio-8080-exec-1] DEBUG org.hibernate.SQL - select * from note where cn_note_book_id = ? and cn_note_type_id != 4 ORDER BY cn_note_update_time DESC
2018-04-29 02:10:53.316 [http-nio-8080-exec-10] DEBUG org.hibernate.SQL - select count(*) from note where cn_note_book_id = ? and cn_note_type_id != 4
2018-04-29 02:10:53.317 [http-nio-8080-exec-1] DEBUG org.hibernate.SQL - select count(*) from note where cn_note_book_id = ? and cn_note_type_id != 4
2018-04-29 02:10:53.317 [http-nio-8080-exec-2] DEBUG org.hibernate.SQL - select * from note where cn_note_label_id = ? and cn_note_type_id !=4 ORDER BY cn_note_update_time DESC
2018-04-29 02:10:53.317 [http-nio-8080-exec-10] DEBUG org.hibernate.SQL - select * from note where cn_note_book_id = ? and cn_note_type_id != 4 ORDER BY cn_note_update_time DESC
2018-04-29 02:10:53.318 [http-nio-8080-exec-1] DEBUG org.hibernate.SQL - select * from note where cn_note_book_id = ? and cn_note_type_id != 4 ORDER BY cn_note_update_time DESC
2018-04-29 02:10:53.318 [http-nio-8080-exec-2] DEBUG org.hibernate.SQL - select count(*) from note where cn_note_label_id =? and cn_note_type_id !=4 
2018-04-29 02:10:53.319 [http-nio-8080-exec-10] DEBUG org.hibernate.SQL - select count(*) from note where cn_note_book_id = ? and cn_note_type_id != 4
2018-04-29 02:10:53.319 [http-nio-8080-exec-1] DEBUG org.hibernate.SQL - select count(*) from note where cn_note_book_id = ? and cn_note_type_id != 4
2018-04-29 02:10:53.319 [http-nio-8080-exec-2] DEBUG org.hibernate.SQL - select * from note where cn_note_label_id = ? and cn_note_type_id !=4 ORDER BY cn_note_update_time DESC
2018-04-29 02:10:53.320 [http-nio-8080-exec-10] DEBUG org.hibernate.SQL - select * from note where cn_note_book_id = ? and cn_note_type_id != 4 ORDER BY cn_note_update_time DESC
2018-04-29 02:10:53.320 [http-nio-8080-exec-1] DEBUG org.hibernate.SQL - select * from note where cn_note_book_id = ? and cn_note_type_id != 4 ORDER BY cn_note_update_time DESC
2018-04-29 02:10:53.321 [http-nio-8080-exec-2] DEBUG org.hibernate.SQL - select count(*) from note where cn_note_label_id =? and cn_note_type_id !=4 
2018-04-29 02:10:53.321 [http-nio-8080-exec-1] DEBUG org.hibernate.SQL - select count(*) from note where cn_note_book_id = ? and cn_note_type_id != 4
2018-04-29 02:10:53.321 [http-nio-8080-exec-10] DEBUG org.hibernate.SQL - select count(*) from note where cn_note_book_id = ? and cn_note_type_id != 4
2018-04-29 02:10:53.337 [http-nio-8080-exec-2] DEBUG org.hibernate.SQL - select * from note where cn_note_label_id = ? and cn_note_type_id !=4 ORDER BY cn_note_update_time DESC
2018-04-29 02:10:53.337 [http-nio-8080-exec-10] DEBUG org.hibernate.SQL - select * from note where cn_note_book_id = ? and cn_note_type_id != 4 ORDER BY cn_note_update_time DESC
2018-04-29 02:10:53.340 [http-nio-8080-exec-10] DEBUG org.hibernate.SQL - select count(*) from note where cn_note_book_id = ? and cn_note_type_id != 4
2018-04-29 02:10:53.343 [http-nio-8080-exec-10] DEBUG org.hibernate.SQL - select * from note where cn_note_book_id = ? and cn_note_type_id != 4 ORDER BY cn_note_update_time DESC
2018-04-29 02:10:53.345 [http-nio-8080-exec-10] DEBUG org.hibernate.SQL - select count(*) from note where cn_note_book_id = ? and cn_note_type_id != 4
2018-04-29 02:10:53.349 [http-nio-8080-exec-10] DEBUG org.hibernate.SQL - select * from note_book where cn_user_id = ? and cn_notebook_type_id !=4 ORDER BY cn_notebook_update_time DESC 
2018-04-29 02:10:53.351 [http-nio-8080-exec-10] DEBUG org.hibernate.SQL - select * from note where cn_note_book_id = ? and cn_note_type_id != 4 ORDER BY cn_note_update_time DESC
2018-04-29 02:10:53.352 [http-nio-8080-exec-10] DEBUG org.hibernate.SQL - select count(*) from note where cn_note_book_id = ? and cn_note_type_id != 4
2018-04-29 02:10:53.353 [http-nio-8080-exec-10] DEBUG org.hibernate.SQL - select * from note where cn_note_book_id = ? and cn_note_type_id != 4 ORDER BY cn_note_update_time DESC
2018-04-29 02:10:53.355 [http-nio-8080-exec-10] DEBUG org.hibernate.SQL - select count(*) from note where cn_note_book_id = ? and cn_note_type_id != 4
2018-04-29 02:10:53.356 [http-nio-8080-exec-10] DEBUG org.hibernate.SQL - select * from note where cn_note_book_id = ? and cn_note_type_id != 4 ORDER BY cn_note_update_time DESC
2018-04-29 02:10:53.366 [http-nio-8080-exec-10] DEBUG org.hibernate.SQL - select count(*) from note where cn_note_book_id = ? and cn_note_type_id != 4
2018-04-29 02:10:53.367 [http-nio-8080-exec-1] DEBUG org.hibernate.SQL - select * from note where cn_note_book_id = ? and cn_note_type_id != 4 ORDER BY cn_note_update_time DESC
2018-04-29 02:10:53.368 [http-nio-8080-exec-1] DEBUG org.hibernate.SQL - select count(*) from note where cn_note_book_id = ? and cn_note_type_id != 4
2018-04-29 02:10:53.370 [http-nio-8080-exec-1] DEBUG org.hibernate.SQL - select * from note where cn_note_book_id = ? and cn_note_type_id != 4 ORDER BY cn_note_update_time DESC
2018-04-29 02:10:53.371 [http-nio-8080-exec-1] DEBUG org.hibernate.SQL - select count(*) from note where cn_note_book_id = ? and cn_note_type_id != 4
2018-04-29 02:10:53.372 [http-nio-8080-exec-5] DEBUG org.hibernate.SQL - select * from label where cn_user_id=? ORDER BY cn_label_update_time DESC 
2018-04-29 02:10:53.372 [http-nio-8080-exec-1] DEBUG org.hibernate.SQL - select * from note where cn_note_book_id = ? and cn_note_type_id != 4 ORDER BY cn_note_update_time DESC
2018-04-29 02:10:53.374 [http-nio-8080-exec-1] DEBUG org.hibernate.SQL - select count(*) from note where cn_note_book_id = ? and cn_note_type_id != 4
2018-04-29 02:10:53.374 [http-nio-8080-exec-5] DEBUG org.hibernate.SQL - select count(*) from note where cn_note_label_id =? and cn_note_type_id !=4 
2018-04-29 02:10:53.377 [http-nio-8080-exec-5] DEBUG org.hibernate.SQL - select * from note where cn_note_label_id = ? and cn_note_type_id !=4 ORDER BY cn_note_update_time DESC
2018-04-29 02:10:53.378 [http-nio-8080-exec-5] DEBUG org.hibernate.SQL - select count(*) from note where cn_note_label_id =? and cn_note_type_id !=4 
2018-04-29 02:10:53.379 [http-nio-8080-exec-5] DEBUG org.hibernate.SQL - select * from note where cn_note_label_id = ? and cn_note_type_id !=4 ORDER BY cn_note_update_time DESC
2018-04-29 02:10:53.380 [http-nio-8080-exec-7] DEBUG org.hibernate.SQL - select * from note where cn_user_id = ? and cn_note_type_id = ? ORDER BY cn_note_update_time DESC
2018-04-29 02:10:53.380 [http-nio-8080-exec-5] DEBUG org.hibernate.SQL - select count(*) from note where cn_note_label_id =? and cn_note_type_id !=4 
2018-04-29 02:10:53.382 [http-nio-8080-exec-5] DEBUG org.hibernate.SQL - select * from note where cn_note_label_id = ? and cn_note_type_id !=4 ORDER BY cn_note_update_time DESC
2018-04-29 02:10:53.383 [http-nio-8080-exec-5] DEBUG org.hibernate.SQL - select count(*) from note where cn_note_label_id =? and cn_note_type_id !=4 
2018-04-29 02:10:53.412 [http-nio-8080-exec-10] DEBUG org.hibernate.SQL - select * from note where cn_note_book_id = ? and cn_note_type_id != 4 ORDER BY cn_note_update_time DESC
2018-04-29 02:10:53.794 [http-nio-8080-exec-4] DEBUG org.hibernate.SQL - SELECT * FROM note_book where cn_user_id = ? AND  cn_notebook_type_id = ?
2018-04-29 02:10:53.796 [http-nio-8080-exec-10] DEBUG org.hibernate.SQL - select count(*) from note where cn_note_book_id = ? and cn_note_type_id != 4
2018-04-29 02:10:53.798 [http-nio-8080-exec-10] DEBUG org.hibernate.SQL - select * from note where cn_note_book_id = ? and cn_note_type_id != 4 ORDER BY cn_note_update_time DESC
2018-04-29 02:10:53.801 [http-nio-8080-exec-10] DEBUG org.hibernate.SQL - select count(*) from note where cn_note_book_id = ? and cn_note_type_id != 4
2018-04-29 02:10:53.801 [http-nio-8080-exec-5] DEBUG org.hibernate.SQL - select * from note where cn_note_label_id = ? and cn_note_type_id !=4 ORDER BY cn_note_update_time DESC
2018-04-29 02:10:53.803 [http-nio-8080-exec-10] DEBUG org.hibernate.SQL - select * from note where cn_note_book_id = ? and cn_note_type_id != 4 ORDER BY cn_note_update_time DESC
2018-04-29 02:10:53.803 [http-nio-8080-exec-5] DEBUG org.hibernate.SQL - select count(*) from note where cn_note_label_id =? and cn_note_type_id !=4 
2018-04-29 02:10:53.804 [http-nio-8080-exec-10] DEBUG org.hibernate.SQL - select count(*) from note where cn_note_book_id = ? and cn_note_type_id != 4
2018-04-29 02:10:53.804 [http-nio-8080-exec-5] DEBUG org.hibernate.SQL - select * from note where cn_note_label_id = ? and cn_note_type_id !=4 ORDER BY cn_note_update_time DESC
2018-04-29 02:11:16.673 [http-nio-8080-exec-4] DEBUG org.hibernate.SQL - select * from user where cn_user_email=? and cn_user_actived=1
2018-04-29 02:11:20.510 [http-nio-8080-exec-5] DEBUG org.hibernate.SQL - select * from user where cn_user_email=? and cn_user_actived=1
2018-04-29 02:11:20.511 [http-nio-8080-exec-5] INFO  cn.white.bysj.user.UserService - 登陆成功
2018-04-29 02:11:20.512 [http-nio-8080-exec-5] DEBUG org.hibernate.SQL - select roles0_.user_id as user_id1_11_0_, roles0_.role_id as role_id2_11_0_, role1_.id as id1_7_1_, role1_.create_time as create_t2_7_1_, role1_.description as descript3_7_1_, role1_.name as name4_7_1_, role1_.role_key as role_key5_7_1_, role1_.status as status6_7_1_, role1_.update_time as update_t7_7_1_ from tb_user_role roles0_ inner join tb_role role1_ on roles0_.role_id=role1_.id where roles0_.user_id=?
2018-04-29 02:11:20.515 [http-nio-8080-exec-5] DEBUG org.hibernate.SQL - select resources0_.role_id as role_id1_8_0_, resources0_.resource_id as resource2_8_0_, resource1_.id as id1_6_1_, resource1_.create_time as create_t2_6_1_, resource1_.description as descript3_6_1_, resource1_.icon as icon4_6_1_, resource1_.is_hide as is_hide5_6_1_, resource1_.level as level6_6_1_, resource1_.name as name7_6_1_, resource1_.parent_id as parent_13_6_1_, resource1_.sort as sort8_6_1_, resource1_.source_key as source_k9_6_1_, resource1_.source_url as source_10_6_1_, resource1_.type as type11_6_1_, resource1_.update_time as update_12_6_1_ from tb_role_resource resources0_ inner join tb_resource resource1_ on resources0_.resource_id=resource1_.id where resources0_.role_id=?
2018-04-29 02:11:21.588 [http-nio-8080-exec-10] DEBUG org.hibernate.SQL - select * from label where cn_user_id=? ORDER BY cn_label_update_time DESC 
2018-04-29 02:11:21.591 [http-nio-8080-exec-10] DEBUG org.hibernate.SQL - select count(*) from note where cn_note_label_id =? and cn_note_type_id !=4 
2018-04-29 02:11:21.593 [http-nio-8080-exec-10] DEBUG org.hibernate.SQL - select * from note where cn_note_label_id = ? and cn_note_type_id !=4 ORDER BY cn_note_update_time DESC
2018-04-29 02:11:21.596 [http-nio-8080-exec-10] DEBUG org.hibernate.SQL - select count(*) from note where cn_note_label_id =? and cn_note_type_id !=4 
2018-04-29 02:11:21.597 [http-nio-8080-exec-10] DEBUG org.hibernate.SQL - select * from note where cn_note_label_id = ? and cn_note_type_id !=4 ORDER BY cn_note_update_time DESC
2018-04-29 02:11:21.599 [http-nio-8080-exec-10] DEBUG org.hibernate.SQL - select count(*) from note where cn_note_label_id =? and cn_note_type_id !=4 
2018-04-29 02:11:21.599 [http-nio-8080-exec-9] DEBUG org.hibernate.SQL - select * from note_book where cn_user_id = ? and cn_notebook_type_id !=4 ORDER BY cn_notebook_update_time DESC 
2018-04-29 02:11:21.600 [http-nio-8080-exec-2] DEBUG org.hibernate.SQL - select * from note_book where cn_user_id = ? and cn_notebook_type_id !=4 ORDER BY cn_notebook_update_time DESC 
2018-04-29 02:11:21.603 [http-nio-8080-exec-10] DEBUG org.hibernate.SQL - select * from note where cn_note_label_id = ? and cn_note_type_id !=4 ORDER BY cn_note_update_time DESC
2018-04-29 02:11:21.606 [http-nio-8080-exec-8] DEBUG org.hibernate.SQL - select * from note where cn_user_id = ? and cn_note_type_id = ? ORDER BY cn_note_update_time DESC
2018-04-29 02:11:21.606 [http-nio-8080-exec-6] DEBUG org.hibernate.SQL - SELECT * FROM note_book where cn_user_id = ? AND  cn_notebook_type_id = ?
2018-04-29 02:11:21.647 [http-nio-8080-exec-10] DEBUG org.hibernate.SQL - select count(*) from note where cn_note_label_id =? and cn_note_type_id !=4 
2018-04-29 02:11:21.648 [http-nio-8080-exec-9] DEBUG org.hibernate.SQL - select * from note where cn_note_book_id = ? and cn_note_type_id != 4 ORDER BY cn_note_update_time DESC
2018-04-29 02:11:21.650 [http-nio-8080-exec-1] DEBUG org.hibernate.SQL - select * from note where cn_user_id =? and cn_note_type_id != 4 ORDER BY cn_note_update_time DESC 
2018-04-29 02:11:21.654 [http-nio-8080-exec-2] DEBUG org.hibernate.SQL - select * from note where cn_note_book_id = ? and cn_note_type_id != 4 ORDER BY cn_note_update_time DESC
2018-04-29 02:11:21.655 [http-nio-8080-exec-8] DEBUG org.hibernate.SQL - select * from note_book where cn_user_id = ? and cn_notebook_type_id !=4 ORDER BY cn_notebook_update_time DESC 
2018-04-29 02:11:21.660 [http-nio-8080-exec-8] DEBUG org.hibernate.SQL - select * from note where cn_note_book_id = ? and cn_note_type_id != 4 ORDER BY cn_note_update_time DESC
2018-04-29 02:11:21.660 [http-nio-8080-exec-2] DEBUG org.hibernate.SQL - select count(*) from note where cn_note_book_id = ? and cn_note_type_id != 4
2018-04-29 02:11:21.660 [http-nio-8080-exec-10] DEBUG org.hibernate.SQL - select * from note where cn_note_label_id = ? and cn_note_type_id !=4 ORDER BY cn_note_update_time DESC
2018-04-29 02:11:21.661 [http-nio-8080-exec-8] DEBUG org.hibernate.SQL - select count(*) from note where cn_note_book_id = ? and cn_note_type_id != 4
2018-04-29 02:11:21.662 [http-nio-8080-exec-2] DEBUG org.hibernate.SQL - select * from note where cn_note_book_id = ? and cn_note_type_id != 4 ORDER BY cn_note_update_time DESC
2018-04-29 02:11:21.662 [http-nio-8080-exec-10] DEBUG org.hibernate.SQL - select count(*) from note where cn_note_label_id =? and cn_note_type_id !=4 
2018-04-29 02:11:21.665 [http-nio-8080-exec-2] DEBUG org.hibernate.SQL - select count(*) from note where cn_note_book_id = ? and cn_note_type_id != 4
2018-04-29 02:11:21.666 [http-nio-8080-exec-10] DEBUG org.hibernate.SQL - select * from note where cn_note_label_id = ? and cn_note_type_id !=4 ORDER BY cn_note_update_time DESC
2018-04-29 02:11:21.668 [http-nio-8080-exec-2] DEBUG org.hibernate.SQL - select * from note where cn_note_book_id = ? and cn_note_type_id != 4 ORDER BY cn_note_update_time DESC
2018-04-29 02:11:21.672 [http-nio-8080-exec-8] DEBUG org.hibernate.SQL - select * from note where cn_note_book_id = ? and cn_note_type_id != 4 ORDER BY cn_note_update_time DESC
2018-04-29 02:11:21.690 [http-nio-8080-exec-9] DEBUG org.hibernate.SQL - select count(*) from note where cn_note_book_id = ? and cn_note_type_id != 4
2018-04-29 02:11:21.690 [http-nio-8080-exec-2] DEBUG org.hibernate.SQL - select count(*) from note where cn_note_book_id = ? and cn_note_type_id != 4
2018-04-29 02:11:21.690 [http-nio-8080-exec-8] DEBUG org.hibernate.SQL - select count(*) from note where cn_note_book_id = ? and cn_note_type_id != 4
2018-04-29 02:11:21.692 [http-nio-8080-exec-9] DEBUG org.hibernate.SQL - select * from note where cn_note_book_id = ? and cn_note_type_id != 4 ORDER BY cn_note_update_time DESC
2018-04-29 02:11:21.692 [http-nio-8080-exec-7] DEBUG org.hibernate.SQL - select * from label where cn_user_id=? ORDER BY cn_label_update_time DESC 
2018-04-29 02:11:21.693 [http-nio-8080-exec-3] DEBUG org.hibernate.SQL - select * from note where cn_user_id = ? and cn_note_type_id = ? ORDER BY cn_note_update_time DESC
2018-04-29 02:11:21.697 [http-nio-8080-exec-9] DEBUG org.hibernate.SQL - select count(*) from note where cn_note_book_id = ? and cn_note_type_id != 4
2018-04-29 02:11:21.699 [http-nio-8080-exec-2] DEBUG org.hibernate.SQL - select * from note where cn_note_book_id = ? and cn_note_type_id != 4 ORDER BY cn_note_update_time DESC
2018-04-29 02:11:21.697 [http-nio-8080-exec-8] DEBUG org.hibernate.SQL - select * from note where cn_note_book_id = ? and cn_note_type_id != 4 ORDER BY cn_note_update_time DESC
2018-04-29 02:11:21.699 [http-nio-8080-exec-7] DEBUG org.hibernate.SQL - select count(*) from note where cn_note_label_id =? and cn_note_type_id !=4 
2018-04-29 02:11:21.701 [http-nio-8080-exec-7] DEBUG org.hibernate.SQL - select * from note where cn_note_label_id = ? and cn_note_type_id !=4 ORDER BY cn_note_update_time DESC
2018-04-29 02:11:21.703 [http-nio-8080-exec-4] DEBUG org.hibernate.SQL - SELECT * FROM note_book where cn_user_id = ? AND  cn_notebook_type_id = ?
2018-04-29 02:11:21.705 [http-nio-8080-exec-7] DEBUG org.hibernate.SQL - select count(*) from note where cn_note_label_id =? and cn_note_type_id !=4 
2018-04-29 02:11:21.708 [http-nio-8080-exec-7] DEBUG org.hibernate.SQL - select * from note where cn_note_label_id = ? and cn_note_type_id !=4 ORDER BY cn_note_update_time DESC
2018-04-29 02:11:21.709 [http-nio-8080-exec-7] DEBUG org.hibernate.SQL - select count(*) from note where cn_note_label_id =? and cn_note_type_id !=4 
2018-04-29 02:11:21.711 [http-nio-8080-exec-7] DEBUG org.hibernate.SQL - select * from note where cn_note_label_id = ? and cn_note_type_id !=4 ORDER BY cn_note_update_time DESC
2018-04-29 02:11:21.715 [http-nio-8080-exec-7] DEBUG org.hibernate.SQL - select count(*) from note where cn_note_label_id =? and cn_note_type_id !=4 
2018-04-29 02:11:21.715 [http-nio-8080-exec-9] DEBUG org.hibernate.SQL - select * from note where cn_note_book_id = ? and cn_note_type_id != 4 ORDER BY cn_note_update_time DESC
2018-04-29 02:11:21.716 [http-nio-8080-exec-8] DEBUG org.hibernate.SQL - select count(*) from note where cn_note_book_id = ? and cn_note_type_id != 4
2018-04-29 02:11:21.717 [http-nio-8080-exec-8] DEBUG org.hibernate.SQL - select * from note where cn_note_book_id = ? and cn_note_type_id != 4 ORDER BY cn_note_update_time DESC
2018-04-29 02:11:21.717 [http-nio-8080-exec-2] DEBUG org.hibernate.SQL - select count(*) from note where cn_note_book_id = ? and cn_note_type_id != 4
2018-04-29 02:11:21.718 [http-nio-8080-exec-9] DEBUG org.hibernate.SQL - select count(*) from note where cn_note_book_id = ? and cn_note_type_id != 4
2018-04-29 02:11:21.719 [http-nio-8080-exec-7] DEBUG org.hibernate.SQL - select * from note where cn_note_label_id = ? and cn_note_type_id !=4 ORDER BY cn_note_update_time DESC
2018-04-29 02:11:21.721 [http-nio-8080-exec-8] DEBUG org.hibernate.SQL - select count(*) from note where cn_note_book_id = ? and cn_note_type_id != 4
2018-04-29 02:11:21.723 [http-nio-8080-exec-2] DEBUG org.hibernate.SQL - select * from note where cn_note_book_id = ? and cn_note_type_id != 4 ORDER BY cn_note_update_time DESC
2018-04-29 02:11:21.723 [http-nio-8080-exec-8] DEBUG org.hibernate.SQL - select * from note where cn_note_book_id = ? and cn_note_type_id != 4 ORDER BY cn_note_update_time DESC
2018-04-29 02:11:21.724 [http-nio-8080-exec-8] DEBUG org.hibernate.SQL - select count(*) from note where cn_note_book_id = ? and cn_note_type_id != 4
2018-04-29 02:11:21.724 [http-nio-8080-exec-9] DEBUG org.hibernate.SQL - select * from note where cn_note_book_id = ? and cn_note_type_id != 4 ORDER BY cn_note_update_time DESC
2018-04-29 02:11:21.725 [http-nio-8080-exec-9] DEBUG org.hibernate.SQL - select count(*) from note where cn_note_book_id = ? and cn_note_type_id != 4
2018-04-29 02:11:21.725 [http-nio-8080-exec-7] DEBUG org.hibernate.SQL - select count(*) from note where cn_note_label_id =? and cn_note_type_id !=4 
2018-04-29 02:11:21.727 [http-nio-8080-exec-9] DEBUG org.hibernate.SQL - select * from note where cn_note_book_id = ? and cn_note_type_id != 4 ORDER BY cn_note_update_time DESC
2018-04-29 02:11:21.727 [http-nio-8080-exec-2] DEBUG org.hibernate.SQL - select count(*) from note where cn_note_book_id = ? and cn_note_type_id != 4
2018-04-29 02:11:21.728 [http-nio-8080-exec-9] DEBUG org.hibernate.SQL - select count(*) from note where cn_note_book_id = ? and cn_note_type_id != 4
2018-04-29 02:11:21.728 [http-nio-8080-exec-8] DEBUG org.hibernate.SQL - select * from note where cn_note_book_id = ? and cn_note_type_id != 4 ORDER BY cn_note_update_time DESC
2018-04-29 02:11:21.734 [http-nio-8080-exec-9] DEBUG org.hibernate.SQL - select * from note where cn_note_book_id = ? and cn_note_type_id != 4 ORDER BY cn_note_update_time DESC
2018-04-29 02:11:21.735 [http-nio-8080-exec-9] DEBUG org.hibernate.SQL - select count(*) from note where cn_note_book_id = ? and cn_note_type_id != 4
2018-04-29 02:11:21.738 [http-nio-8080-exec-8] DEBUG org.hibernate.SQL - select count(*) from note where cn_note_book_id = ? and cn_note_type_id != 4
2018-04-29 02:11:21.740 [http-nio-8080-exec-7] DEBUG org.hibernate.SQL - select * from note where cn_note_label_id = ? and cn_note_type_id !=4 ORDER BY cn_note_update_time DESC
2018-04-29 02:11:21.741 [http-nio-8080-exec-2] DEBUG org.hibernate.SQL - select * from note where cn_note_book_id = ? and cn_note_type_id != 4 ORDER BY cn_note_update_time DESC
2018-04-29 02:11:21.753 [http-nio-8080-exec-2] DEBUG org.hibernate.SQL - select count(*) from note where cn_note_book_id = ? and cn_note_type_id != 4
2018-04-29 02:14:25.628 [http-nio-8080-exec-7] DEBUG org.hibernate.SQL - select cn_user_password from user where cn_user_email=?
2018-04-29 02:14:31.441 [http-nio-8080-exec-2] DEBUG org.hibernate.SQL - select cn_user_password from user where cn_user_email=?
2018-04-29 02:14:45.880 [http-nio-8080-exec-5] DEBUG org.hibernate.SQL - select cn_user_password from user where cn_user_email=?
2018-04-29 02:14:47.993 [http-nio-8080-exec-1] DEBUG org.hibernate.SQL - select cn_user_password from user where cn_user_email=?
2018-04-29 02:14:50.821 [http-nio-8080-exec-6] DEBUG org.hibernate.SQL - select cn_user_password from user where cn_user_email=?
2018-04-29 02:16:14.885 [http-nio-8080-exec-3] DEBUG org.hibernate.SQL - select cn_user_password from user where cn_user_email=?
2018-04-29 02:16:18.389 [http-nio-8080-exec-4] DEBUG org.hibernate.SQL - select cn_user_password from user where cn_user_email=?
2018-04-29 02:16:25.506 [http-nio-8080-exec-9] DEBUG org.hibernate.SQL - select cn_user_password from user where cn_user_email=?
2018-04-29 02:16:27.624 [http-nio-8080-exec-8] DEBUG org.hibernate.SQL - select cn_user_password from user where cn_user_email=?
2018-04-29 02:16:38.706 [http-nio-8080-exec-7] DEBUG org.hibernate.SQL - select cn_user_password from user where cn_user_email=?
2018-04-29 02:16:38.786 [http-nio-8080-exec-2] DEBUG org.hibernate.SQL - select cn_user_password from user where cn_user_email=?
2018-04-29 02:16:38.791 [http-nio-8080-exec-2] DEBUG org.hibernate.SQL - select cn_user_password from user where cn_user_email=?
2018-04-29 02:21:18.058 [http-nio-8080-exec-4] DEBUG org.hibernate.SQL - select cn_user_password from user where cn_user_email=?
2018-04-29 02:21:20.795 [http-nio-8080-exec-9] DEBUG org.hibernate.SQL - select cn_user_password from user where cn_user_email=?
2018-04-29 02:21:31.986 [http-nio-8080-exec-8] DEBUG org.hibernate.SQL - select cn_user_password from user where cn_user_email=?
2018-04-29 02:21:33.169 [http-nio-8080-exec-7] DEBUG org.hibernate.SQL - select cn_user_password from user where cn_user_email=?
2018-04-29 02:21:37.241 [http-nio-8080-exec-5] DEBUG org.hibernate.SQL - select cn_user_password from user where cn_user_email=?
2018-04-29 02:21:37.248 [http-nio-8080-exec-2] DEBUG org.hibernate.SQL - select cn_user_password from user where cn_user_email=?
2018-04-29 02:23:14.831 [http-nio-8080-exec-4] DEBUG org.hibernate.SQL - select cn_user_password from user where cn_user_email=?
2018-04-29 02:23:16.962 [http-nio-8080-exec-9] DEBUG org.hibernate.SQL - select cn_user_password from user where cn_user_email=?
2018-04-29 02:24:31.637 [http-nio-8080-exec-7] DEBUG org.hibernate.SQL - select cn_user_password from user where cn_user_email=?
2018-04-29 02:24:33.448 [http-nio-8080-exec-5] DEBUG org.hibernate.SQL - select cn_user_password from user where cn_user_email=?
2018-04-29 02:24:44.779 [http-nio-8080-exec-1] DEBUG org.hibernate.SQL - select cn_user_password from user where cn_user_email=?
2018-04-29 02:24:47.703 [http-nio-8080-exec-2] DEBUG org.hibernate.SQL - select cn_user_password from user where cn_user_email=?
2018-04-29 02:24:47.710 [http-nio-8080-exec-2] DEBUG org.hibernate.SQL - select cn_user_password from user where cn_user_email=?
2018-04-29 02:27:05.672 [http-nio-8080-exec-8] DEBUG org.hibernate.SQL - select cn_user_password from user where cn_user_email=?
2018-04-29 02:27:14.802 [http-nio-8080-exec-7] DEBUG org.hibernate.SQL - select cn_user_password from user where cn_user_email=?
2018-04-29 02:27:24.561 [http-nio-8080-exec-5] DEBUG org.hibernate.SQL - select cn_user_password from user where cn_user_email=?
2018-04-29 02:27:24.564 [http-nio-8080-exec-1] DEBUG org.hibernate.SQL - select cn_user_password from user where cn_user_email=?
2018-04-29 02:27:33.985 [http-nio-8080-exec-2] DEBUG org.hibernate.SQL - select cn_user_password from user where cn_user_email=?
2018-04-29 02:27:40.963 [http-nio-8080-exec-6] DEBUG org.hibernate.SQL - select cn_user_password from user where cn_user_email=?
2018-04-29 02:27:41.042 [http-nio-8080-exec-3] DEBUG org.hibernate.SQL - select cn_user_password from user where cn_user_email=?
2018-04-29 02:27:53.267 [http-nio-8080-exec-4] DEBUG org.hibernate.SQL - select cn_user_password from user where cn_user_email=?
2018-04-29 02:27:53.352 [http-nio-8080-exec-9] DEBUG org.hibernate.SQL - select cn_user_password from user where cn_user_email=?
2018-04-29 02:28:44.413 [http-nio-8080-exec-5] DEBUG org.hibernate.SQL - select cn_user_password from user where cn_user_email=?
2018-04-29 02:28:49.419 [http-nio-8080-exec-1] DEBUG org.hibernate.SQL - select cn_user_password from user where cn_user_email=?
2018-04-29 02:29:35.891 [http-nio-8080-exec-10] DEBUG org.hibernate.SQL - select cn_user_password from user where cn_user_email=?
2018-04-29 02:29:40.816 [http-nio-8080-exec-2] DEBUG org.hibernate.SQL - select cn_user_password from user where cn_user_email=?
2018-04-29 02:29:50.777 [http-nio-8080-exec-6] DEBUG org.hibernate.SQL - select cn_user_password from user where cn_user_email=?
2018-04-29 02:29:57.024 [http-nio-8080-exec-3] DEBUG org.hibernate.SQL - select cn_user_password from user where cn_user_email=?
2018-04-29 02:29:57.028 [http-nio-8080-exec-4] DEBUG org.hibernate.SQL - select cn_user_password from user where cn_user_email=?
2018-04-29 02:30:15.602 [http-nio-8080-exec-8] DEBUG org.hibernate.SQL - select cn_user_password from user where cn_user_email=?
2018-04-29 02:30:20.208 [http-nio-8080-exec-7] DEBUG org.hibernate.SQL - select cn_user_password from user where cn_user_email=?
2018-04-29 02:30:20.297 [http-nio-8080-exec-5] DEBUG org.hibernate.SQL - select cn_user_password from user where cn_user_email=?
2018-04-29 02:30:55.221 [http-nio-8080-exec-1] DEBUG org.hibernate.SQL - select cn_user_password from user where cn_user_email=?
2018-04-29 02:33:07.644 [http-nio-8080-exec-3] DEBUG org.hibernate.SQL - select cn_user_password from user where cn_user_email=?
2018-04-29 02:33:11.132 [http-nio-8080-exec-9] DEBUG org.hibernate.SQL - select cn_user_password from user where cn_user_email=?
2018-04-29 02:33:52.622 [http-nio-8080-exec-4] DEBUG org.hibernate.SQL - select cn_user_password from user where cn_user_email=?
2018-04-29 02:33:55.008 [http-nio-8080-exec-8] DEBUG org.hibernate.SQL - select cn_user_password from user where cn_user_email=?
2018-04-29 02:33:58.570 [http-nio-8080-exec-7] DEBUG org.hibernate.SQL - select cn_user_password from user where cn_user_email=?
2018-04-29 02:35:17.433 [http-nio-8080-exec-1] DEBUG org.hibernate.SQL - select cn_user_password from user where cn_user_email=?
2018-04-29 02:35:19.730 [http-nio-8080-exec-2] DEBUG org.hibernate.SQL - select cn_user_password from user where cn_user_email=?
2018-04-29 02:35:23.958 [http-nio-8080-exec-10] DEBUG org.hibernate.SQL - select cn_user_password from user where cn_user_email=?
2018-04-29 02:35:26.439 [http-nio-8080-exec-6] DEBUG org.hibernate.SQL - select cn_user_password from user where cn_user_email=?
2018-04-29 02:35:26.441 [http-nio-8080-exec-3] DEBUG org.hibernate.SQL - select cn_user_password from user where cn_user_email=?
2018-04-29 02:35:46.914 [http-nio-8080-exec-4] DEBUG org.hibernate.SQL - select cn_user_password from user where cn_user_email=?
2018-04-29 02:35:49.066 [http-nio-8080-exec-8] DEBUG org.hibernate.SQL - select cn_user_password from user where cn_user_email=?
2018-04-29 02:35:49.177 [http-nio-8080-exec-7] DEBUG org.hibernate.SQL - select cn_user_password from user where cn_user_email=?
2018-04-29 02:36:44.957 [http-nio-8080-exec-2] DEBUG org.hibernate.SQL - select cn_user_password from user where cn_user_email=?
2018-04-29 02:36:58.227 [http-nio-8080-exec-10] DEBUG org.hibernate.SQL - select cn_user_password from user where cn_user_email=?
2018-04-29 02:37:01.671 [http-nio-8080-exec-6] DEBUG org.hibernate.SQL - select cn_user_password from user where cn_user_email=?
